Jun  6 04:55:01 aks-nodepool1-23749496-vmss000001 CRON[1688760]: pam_unix(cron:session): session opened for user root(uid=0) by (uid=0)
Jun  6 04:55:01 aks-nodepool1-23749496-vmss000001 CRON[1688761]: (root) CMD (command -v debian-sa1 > /dev/null && debian-sa1 1 1)
Jun  6 04:55:01 aks-nodepool1-23749496-vmss000001 CRON[1688760]: pam_unix(cron:session): session closed for user root
Jun  6 04:55:55 aks-nodepool1-23749496-vmss000001 kubelet[825]: I0606 04:55:55.360120     825 logs.go:323] "Finished parsing log file" path="/var/log/pods/kube-system_kube-proxy-dlx9m_9b119aa2-dee4-4373-aba5-057050824896/kube-proxy/0.log"
Jun  6 04:56:18 aks-nodepool1-23749496-vmss000001 kubelet[825]: I0606 04:56:18.310100     825 kubelet.go:2096] "SyncLoop ADD" source="api" pods=[my-apps/app-00001-deployment-68c7567fbf-6lqzj]
Jun  6 04:56:18 aks-nodepool1-23749496-vmss000001 kubelet[825]: I0606 04:56:18.310709     825 topology_manager.go:205] "Topology Admit Handler"
Jun  6 04:56:18 aks-nodepool1-23749496-vmss000001 kubelet[825]: E0606 04:56:18.310808     825 cpu_manager.go:394] "RemoveStaleState: removing container" podUID="3b701299-1e5f-4911-958b-56ec47fb4f95" containerName="workload"
Jun  6 04:56:18 aks-nodepool1-23749496-vmss000001 kubelet[825]: I0606 04:56:18.310820     825 state_mem.go:107] "Deleted CPUSet assignment" podUID="3b701299-1e5f-4911-958b-56ec47fb4f95" containerName="workload"
Jun  6 04:56:18 aks-nodepool1-23749496-vmss000001 kubelet[825]: E0606 04:56:18.310829     825 cpu_manager.go:394] "RemoveStaleState: removing container" podUID="3b701299-1e5f-4911-958b-56ec47fb4f95" containerName="queue-proxy"
Jun  6 04:56:18 aks-nodepool1-23749496-vmss000001 kubelet[825]: I0606 04:56:18.310836     825 state_mem.go:107] "Deleted CPUSet assignment" podUID="3b701299-1e5f-4911-958b-56ec47fb4f95" containerName="queue-proxy"
Jun  6 04:56:18 aks-nodepool1-23749496-vmss000001 kubelet[825]: I0606 04:56:18.310888     825 memory_manager.go:345] "RemoveStaleState removing state" podUID="3b701299-1e5f-4911-958b-56ec47fb4f95" containerName="queue-proxy"
Jun  6 04:56:18 aks-nodepool1-23749496-vmss000001 kubelet[825]: I0606 04:56:18.310898     825 memory_manager.go:345] "RemoveStaleState removing state" podUID="3b701299-1e5f-4911-958b-56ec47fb4f95" containerName="workload"
Jun  6 04:56:18 aks-nodepool1-23749496-vmss000001 systemd[1]: Created slice libcontainer container kubepods-burstable-pod2282e6d0_be57_479f_b4f7_904e1b3f7a80.slice.
Jun  6 04:56:18 aks-nodepool1-23749496-vmss000001 kubelet[825]: I0606 04:56:18.375997     825 reconciler.go:357] "operationExecutor.VerifyControllerAttachedVolume started for volume \"kube-api-access-hxgw2\" (UniqueName: \"kubernetes.io/projected/2282e6d0-be57-479f-b4f7-904e1b3f7a80-kube-api-access-hxgw2\") pod \"app-00001-deployment-68c7567fbf-6lqzj\" (UID: \"2282e6d0-be57-479f-b4f7-904e1b3f7a80\") " pod="my-apps/app-00001-deployment-68c7567fbf-6lqzj"
Jun  6 04:56:18 aks-nodepool1-23749496-vmss000001 kubelet[825]: I0606 04:56:18.476658     825 reconciler.go:269] "operationExecutor.MountVolume started for volume \"kube-api-access-hxgw2\" (UniqueName: \"kubernetes.io/projected/2282e6d0-be57-479f-b4f7-904e1b3f7a80-kube-api-access-hxgw2\") pod \"app-00001-deployment-68c7567fbf-6lqzj\" (UID: \"2282e6d0-be57-479f-b4f7-904e1b3f7a80\") " pod="my-apps/app-00001-deployment-68c7567fbf-6lqzj"
Jun  6 04:56:18 aks-nodepool1-23749496-vmss000001 kubelet[825]: I0606 04:56:18.501621     825 operation_generator.go:730] "MountVolume.SetUp succeeded for volume \"kube-api-access-hxgw2\" (UniqueName: \"kubernetes.io/projected/2282e6d0-be57-479f-b4f7-904e1b3f7a80-kube-api-access-hxgw2\") pod \"app-00001-deployment-68c7567fbf-6lqzj\" (UID: \"2282e6d0-be57-479f-b4f7-904e1b3f7a80\") " pod="my-apps/app-00001-deployment-68c7567fbf-6lqzj"
Jun  6 04:56:18 aks-nodepool1-23749496-vmss000001 kubelet[825]: I0606 04:56:18.634531     825 util.go:30] "No sandbox for pod can be found. Need to start a new one" pod="my-apps/app-00001-deployment-68c7567fbf-6lqzj"
Jun  6 04:56:18 aks-nodepool1-23749496-vmss000001 containerd[699]: time="2023-06-06T04:56:18.635048166Z" level=info msg="RunPodSandbox for &PodSandboxMetadata{Name:app-00001-deployment-68c7567fbf-6lqzj,Uid:2282e6d0-be57-479f-b4f7-904e1b3f7a80,Namespace:my-apps,Attempt:0,}"
Jun  6 04:56:18 aks-nodepool1-23749496-vmss000001 systemd-networkd[528]: vethe048472d: Link UP
Jun  6 04:56:18 aks-nodepool1-23749496-vmss000001 networkd-dispatcher[687]: WARNING:Unknown index 45 seen, reloading interface list
Jun  6 04:56:18 aks-nodepool1-23749496-vmss000001 systemd-udevd[1690529]: Using default interface naming scheme 'v249'.
Jun  6 04:56:18 aks-nodepool1-23749496-vmss000001 kernel: [80086.079738] cbr0: port 30(vethe048472d) entered blocking state
Jun  6 04:56:18 aks-nodepool1-23749496-vmss000001 kernel: [80086.079744] cbr0: port 30(vethe048472d) entered disabled state
Jun  6 04:56:18 aks-nodepool1-23749496-vmss000001 kernel: [80086.079835] device vethe048472d entered promiscuous mode
Jun  6 04:56:18 aks-nodepool1-23749496-vmss000001 systemd-networkd[528]: vethe048472d: Gained carrier
Jun  6 04:56:18 aks-nodepool1-23749496-vmss000001 kernel: [80086.090218] IPv6: ADDRCONF(NETDEV_CHANGE): eth0: link becomes ready
Jun  6 04:56:18 aks-nodepool1-23749496-vmss000001 kernel: [80086.090247] IPv6: ADDRCONF(NETDEV_CHANGE): vethe048472d: link becomes ready
Jun  6 04:56:18 aks-nodepool1-23749496-vmss000001 kernel: [80086.090290] cbr0: port 30(vethe048472d) entered blocking state
Jun  6 04:56:18 aks-nodepool1-23749496-vmss000001 kernel: [80086.090292] cbr0: port 30(vethe048472d) entered forwarding state
Jun  6 04:56:18 aks-nodepool1-23749496-vmss000001 containerd[699]: time="2023-06-06T04:56:18.708092011Z" level=info msg="loading plugin \"io.containerd.internal.v1.shutdown\"..." runtime=io.containerd.runc.v2 type=io.containerd.internal.v1
Jun  6 04:56:18 aks-nodepool1-23749496-vmss000001 containerd[699]: time="2023-06-06T04:56:18.708505309Z" level=info msg="loading plugin \"io.containerd.ttrpc.v1.pause\"..." runtime=io.containerd.runc.v2 type=io.containerd.ttrpc.v1
Jun  6 04:56:18 aks-nodepool1-23749496-vmss000001 containerd[699]: time="2023-06-06T04:56:18.708818608Z" level=info msg="loading plugin \"io.containerd.event.v1.publisher\"..." runtime=io.containerd.runc.v2 type=io.containerd.event.v1
Jun  6 04:56:18 aks-nodepool1-23749496-vmss000001 containerd[699]: time="2023-06-06T04:56:18.708842208Z" level=info msg="loading plugin \"io.containerd.ttrpc.v1.task\"..." runtime=io.containerd.runc.v2 type=io.containerd.ttrpc.v1
Jun  6 04:56:18 aks-nodepool1-23749496-vmss000001 systemd[1]: Started libcontainer container fe9b6e84f0b389cb058687c8ced95233817a10f2dba7c99313e1a93c837ae6d8.
Jun  6 04:56:18 aks-nodepool1-23749496-vmss000001 containerd[699]: time="2023-06-06T04:56:18.786397731Z" level=info msg="RunPodSandbox for &PodSandboxMetadata{Name:app-00001-deployment-68c7567fbf-6lqzj,Uid:2282e6d0-be57-479f-b4f7-904e1b3f7a80,Namespace:my-apps,Attempt:0,} returns sandbox id \"fe9b6e84f0b389cb058687c8ced95233817a10f2dba7c99313e1a93c837ae6d8\""
Jun  6 04:56:18 aks-nodepool1-23749496-vmss000001 containerd[699]: time="2023-06-06T04:56:18.788330622Z" level=info msg="CreateContainer within sandbox \"fe9b6e84f0b389cb058687c8ced95233817a10f2dba7c99313e1a93c837ae6d8\" for container &ContainerMetadata{Name:workload,Attempt:0,}"
Jun  6 04:56:18 aks-nodepool1-23749496-vmss000001 containerd[699]: time="2023-06-06T04:56:18.816994182Z" level=info msg="CreateContainer within sandbox \"fe9b6e84f0b389cb058687c8ced95233817a10f2dba7c99313e1a93c837ae6d8\" for &ContainerMetadata{Name:workload,Attempt:0,} returns container id \"b48916b408ce1d7635461795a56158c6d6fad407ce0bceaf022f2f429ef252d2\""
Jun  6 04:56:18 aks-nodepool1-23749496-vmss000001 containerd[699]: time="2023-06-06T04:56:18.817401980Z" level=info msg="StartContainer for \"b48916b408ce1d7635461795a56158c6d6fad407ce0bceaf022f2f429ef252d2\""
Jun  6 04:56:18 aks-nodepool1-23749496-vmss000001 systemd[1]: Started libcontainer container b48916b408ce1d7635461795a56158c6d6fad407ce0bceaf022f2f429ef252d2.
Jun  6 04:56:18 aks-nodepool1-23749496-vmss000001 containerd[699]: time="2023-06-06T04:56:18.871470218Z" level=info msg="StartContainer for \"b48916b408ce1d7635461795a56158c6d6fad407ce0bceaf022f2f429ef252d2\" returns successfully"
Jun  6 04:56:18 aks-nodepool1-23749496-vmss000001 containerd[699]: time="2023-06-06T04:56:18.873843006Z" level=info msg="CreateContainer within sandbox \"fe9b6e84f0b389cb058687c8ced95233817a10f2dba7c99313e1a93c837ae6d8\" for container &ContainerMetadata{Name:queue-proxy,Attempt:0,}"
Jun  6 04:56:18 aks-nodepool1-23749496-vmss000001 containerd[699]: time="2023-06-06T04:56:18.908421538Z" level=info msg="CreateContainer within sandbox \"fe9b6e84f0b389cb058687c8ced95233817a10f2dba7c99313e1a93c837ae6d8\" for &ContainerMetadata{Name:queue-proxy,Attempt:0,} returns container id \"3ff800956b5bf60b6d66ee838044745c80dd0e35e488ce33940e2ef90cc7f7cf\""
Jun  6 04:56:18 aks-nodepool1-23749496-vmss000001 containerd[699]: time="2023-06-06T04:56:18.910337129Z" level=info msg="StartContainer for \"3ff800956b5bf60b6d66ee838044745c80dd0e35e488ce33940e2ef90cc7f7cf\""
Jun  6 04:56:18 aks-nodepool1-23749496-vmss000001 systemd[1]: Started libcontainer container 3ff800956b5bf60b6d66ee838044745c80dd0e35e488ce33940e2ef90cc7f7cf.
Jun  6 04:56:19 aks-nodepool1-23749496-vmss000001 kubelet[825]: I0606 04:56:19.045389     825 kubelet.go:2134] "SyncLoop (PLEG): event for pod" pod="my-apps/app-00001-deployment-68c7567fbf-6lqzj" event=&{ID:2282e6d0-be57-479f-b4f7-904e1b3f7a80 Type:ContainerStarted Data:b48916b408ce1d7635461795a56158c6d6fad407ce0bceaf022f2f429ef252d2}
Jun  6 04:56:19 aks-nodepool1-23749496-vmss000001 kubelet[825]: I0606 04:56:19.045692     825 kubelet.go:2134] "SyncLoop (PLEG): event for pod" pod="my-apps/app-00001-deployment-68c7567fbf-6lqzj" event=&{ID:2282e6d0-be57-479f-b4f7-904e1b3f7a80 Type:ContainerStarted Data:fe9b6e84f0b389cb058687c8ced95233817a10f2dba7c99313e1a93c837ae6d8}
Jun  6 04:56:19 aks-nodepool1-23749496-vmss000001 containerd[699]: time="2023-06-06T04:56:19.061677694Z" level=info msg="StartContainer for \"3ff800956b5bf60b6d66ee838044745c80dd0e35e488ce33940e2ef90cc7f7cf\" returns successfully"
Jun  6 04:56:19 aks-nodepool1-23749496-vmss000001 systemd[1]: run-containerd-runc-k8s.io-fe9b6e84f0b389cb058687c8ced95233817a10f2dba7c99313e1a93c837ae6d8-runc.NQJ4bv.mount: Deactivated successfully.
Jun  6 04:56:20 aks-nodepool1-23749496-vmss000001 kubelet[825]: I0606 04:56:20.049215     825 kubelet.go:2134] "SyncLoop (PLEG): event for pod" pod="my-apps/app-00001-deployment-68c7567fbf-6lqzj" event=&{ID:2282e6d0-be57-479f-b4f7-904e1b3f7a80 Type:ContainerStarted Data:3ff800956b5bf60b6d66ee838044745c80dd0e35e488ce33940e2ef90cc7f7cf}
Jun  6 04:56:20 aks-nodepool1-23749496-vmss000001 kubelet[825]: I0606 04:56:20.049396     825 kubelet.go:2206] "SyncLoop (probe)" probe="readiness" status="" pod="my-apps/app-00001-deployment-68c7567fbf-6lqzj"
Jun  6 04:56:20 aks-nodepool1-23749496-vmss000001 kubelet[825]: I0606 04:56:20.053671     825 kubelet.go:2206] "SyncLoop (probe)" probe="readiness" status="ready" pod="my-apps/app-00001-deployment-68c7567fbf-6lqzj"
Jun  6 04:56:20 aks-nodepool1-23749496-vmss000001 systemd-networkd[528]: vethe048472d: Gained IPv6LL
Jun  6 04:56:50 aks-nodepool1-23749496-vmss000001 kubelet[825]: I0606 04:56:50.200972     825 logs.go:323] "Finished parsing log file" path="/var/log/pods/my-apps_app-00001-deployment-68c7567fbf-6lqzj_2282e6d0-be57-479f-b4f7-904e1b3f7a80/workload/0.log"
Jun  6 04:57:21 aks-nodepool1-23749496-vmss000001 kubelet[825]: I0606 04:57:21.380784     825 kubelet.go:2112] "SyncLoop DELETE" source="api" pods=[my-apps/app-00001-deployment-68c7567fbf-6lqzj]
Jun  6 04:57:21 aks-nodepool1-23749496-vmss000001 kubelet[825]: I0606 04:57:21.381248     825 kuberuntime_container.go:702] "Killing container with a grace period" pod="my-apps/app-00001-deployment-68c7567fbf-6lqzj" podUID=2282e6d0-be57-479f-b4f7-904e1b3f7a80 containerName="queue-proxy" containerID="containerd://3ff800956b5bf60b6d66ee838044745c80dd0e35e488ce33940e2ef90cc7f7cf" gracePeriod=300
Jun  6 04:57:21 aks-nodepool1-23749496-vmss000001 containerd[699]: time="2023-06-06T04:57:21.382028808Z" level=info msg="StopContainer for \"3ff800956b5bf60b6d66ee838044745c80dd0e35e488ce33940e2ef90cc7f7cf\" with timeout 300 (s)"
Jun  6 04:57:21 aks-nodepool1-23749496-vmss000001 containerd[699]: time="2023-06-06T04:57:21.382438206Z" level=info msg="Stop container \"3ff800956b5bf60b6d66ee838044745c80dd0e35e488ce33940e2ef90cc7f7cf\" with signal terminated"
Jun  6 04:57:28 aks-nodepool1-23749496-vmss000001 kubelet[825]: I0606 04:57:28.635658     825 prober.go:114] "Probe failed" probeType="Readiness" pod="my-apps/app-00001-deployment-68c7567fbf-6lqzj" podUID=2282e6d0-be57-479f-b4f7-904e1b3f7a80 containerName="queue-proxy" probeResult=failure output="HTTP probe failed with statuscode: 503"
Jun  6 04:57:38 aks-nodepool1-23749496-vmss000001 kubelet[825]: I0606 04:57:38.636030     825 prober.go:114] "Probe failed" probeType="Readiness" pod="my-apps/app-00001-deployment-68c7567fbf-6lqzj" podUID=2282e6d0-be57-479f-b4f7-904e1b3f7a80 containerName="queue-proxy" probeResult=failure output="HTTP probe failed with statuscode: 503"
Jun  6 04:57:48 aks-nodepool1-23749496-vmss000001 kubelet[825]: I0606 04:57:48.635291     825 prober.go:114] "Probe failed" probeType="Readiness" pod="my-apps/app-00001-deployment-68c7567fbf-6lqzj" podUID=2282e6d0-be57-479f-b4f7-904e1b3f7a80 containerName="queue-proxy" probeResult=failure output="HTTP probe failed with statuscode: 503"
Jun  6 04:57:48 aks-nodepool1-23749496-vmss000001 kubelet[825]: I0606 04:57:48.635402     825 kubelet.go:2206] "SyncLoop (probe)" probe="readiness" status="" pod="my-apps/app-00001-deployment-68c7567fbf-6lqzj"
Jun  6 04:57:51 aks-nodepool1-23749496-vmss000001 kubelet[825]: I0606 04:57:51.385275     825 kuberuntime_container.go:702] "Killing container with a grace period" pod="my-apps/app-00001-deployment-68c7567fbf-6lqzj" podUID=2282e6d0-be57-479f-b4f7-904e1b3f7a80 containerName="workload" containerID="containerd://b48916b408ce1d7635461795a56158c6d6fad407ce0bceaf022f2f429ef252d2" gracePeriod=300
Jun  6 04:57:51 aks-nodepool1-23749496-vmss000001 containerd[699]: time="2023-06-06T04:57:51.385842240Z" level=info msg="StopContainer for \"b48916b408ce1d7635461795a56158c6d6fad407ce0bceaf022f2f429ef252d2\" with timeout 300 (s)"
Jun  6 04:57:51 aks-nodepool1-23749496-vmss000001 containerd[699]: time="2023-06-06T04:57:51.386192838Z" level=info msg="Stop container \"b48916b408ce1d7635461795a56158c6d6fad407ce0bceaf022f2f429ef252d2\" with signal terminated"
Jun  6 04:57:51 aks-nodepool1-23749496-vmss000001 systemd[1]: cri-containerd-3ff800956b5bf60b6d66ee838044745c80dd0e35e488ce33940e2ef90cc7f7cf.scope: Deactivated successfully.
Jun  6 04:57:51 aks-nodepool1-23749496-vmss000001 systemd[1]: run-containerd-io.containerd.runtime.v2.task-k8s.io-3ff800956b5bf60b6d66ee838044745c80dd0e35e488ce33940e2ef90cc7f7cf-rootfs.mount: Deactivated successfully.
Jun  6 04:57:51 aks-nodepool1-23749496-vmss000001 systemd[1]: cri-containerd-b48916b408ce1d7635461795a56158c6d6fad407ce0bceaf022f2f429ef252d2.scope: Deactivated successfully.
Jun  6 04:57:51 aks-nodepool1-23749496-vmss000001 containerd[699]: time="2023-06-06T04:57:51.435928362Z" level=error msg="failed to handle container TaskExit event container_id:\"b48916b408ce1d7635461795a56158c6d6fad407ce0bceaf022f2f429ef252d2\"  id:\"b48916b408ce1d7635461795a56158c6d6fad407ce0bceaf022f2f429ef252d2\"  pid:1690617  exit_status:143  exited_at:{seconds:1686027471  nanos:420301917}" error="failed to stop container: unknown error after kill: /usr/bin/runc did not terminate successfully: exit status 1: lstat /sys/fs/cgroup/kubepods.slice/kubepods-burstable.slice/kubepods-burstable-pod2282e6d0_be57_479f_b4f7_904e1b3f7a80.slice/cri-containerd-b48916b408ce1d7635461795a56158c6d6fad407ce0bceaf022f2f429ef252d2.scope: no such file or directory\n: unknown"
Jun  6 04:57:51 aks-nodepool1-23749496-vmss000001 containerd[699]: time="2023-06-06T04:57:51.459127879Z" level=info msg="shim disconnected" id=3ff800956b5bf60b6d66ee838044745c80dd0e35e488ce33940e2ef90cc7f7cf namespace=k8s.io
Jun  6 04:57:51 aks-nodepool1-23749496-vmss000001 containerd[699]: time="2023-06-06T04:57:51.459185479Z" level=warning msg="cleaning up after shim disconnected" id=3ff800956b5bf60b6d66ee838044745c80dd0e35e488ce33940e2ef90cc7f7cf namespace=k8s.io
Jun  6 04:57:51 aks-nodepool1-23749496-vmss000001 containerd[699]: time="2023-06-06T04:57:51.459199879Z" level=info msg="cleaning up dead shim" namespace=k8s.io
Jun  6 04:57:51 aks-nodepool1-23749496-vmss000001 containerd[699]: time="2023-06-06T04:57:51.477897912Z" level=info msg="StopContainer for \"3ff800956b5bf60b6d66ee838044745c80dd0e35e488ce33940e2ef90cc7f7cf\" returns successfully"
Jun  6 04:57:52 aks-nodepool1-23749496-vmss000001 kubelet[825]: I0606 04:57:52.246605     825 generic.go:296] "Generic (PLEG): container finished" podID=2282e6d0-be57-479f-b4f7-904e1b3f7a80 containerID="3ff800956b5bf60b6d66ee838044745c80dd0e35e488ce33940e2ef90cc7f7cf" exitCode=0
Jun  6 04:57:52 aks-nodepool1-23749496-vmss000001 kubelet[825]: I0606 04:57:52.246639     825 kubelet.go:2134] "SyncLoop (PLEG): event for pod" pod="my-apps/app-00001-deployment-68c7567fbf-6lqzj" event=&{ID:2282e6d0-be57-479f-b4f7-904e1b3f7a80 Type:ContainerDied Data:3ff800956b5bf60b6d66ee838044745c80dd0e35e488ce33940e2ef90cc7f7cf}
Jun  6 04:57:52 aks-nodepool1-23749496-vmss000001 containerd[699]: time="2023-06-06T04:57:52.505951058Z" level=info msg="TaskExit event container_id:\"b48916b408ce1d7635461795a56158c6d6fad407ce0bceaf022f2f429ef252d2\"  id:\"b48916b408ce1d7635461795a56158c6d6fad407ce0bceaf022f2f429ef252d2\"  pid:1690617  exit_status:143  exited_at:{seconds:1686027471  nanos:420301917}"
Jun  6 04:57:52 aks-nodepool1-23749496-vmss000001 systemd[1]: run-containerd-io.containerd.runtime.v2.task-k8s.io-b48916b408ce1d7635461795a56158c6d6fad407ce0bceaf022f2f429ef252d2-rootfs.mount: Deactivated successfully.
Jun  6 04:57:52 aks-nodepool1-23749496-vmss000001 containerd[699]: time="2023-06-06T04:57:52.532050865Z" level=info msg="shim disconnected" id=b48916b408ce1d7635461795a56158c6d6fad407ce0bceaf022f2f429ef252d2 namespace=k8s.io
Jun  6 04:57:52 aks-nodepool1-23749496-vmss000001 containerd[699]: time="2023-06-06T04:57:52.532092665Z" level=warning msg="cleaning up after shim disconnected" id=b48916b408ce1d7635461795a56158c6d6fad407ce0bceaf022f2f429ef252d2 namespace=k8s.io
Jun  6 04:57:52 aks-nodepool1-23749496-vmss000001 containerd[699]: time="2023-06-06T04:57:52.532100065Z" level=info msg="cleaning up dead shim" namespace=k8s.io
Jun  6 04:57:52 aks-nodepool1-23749496-vmss000001 containerd[699]: time="2023-06-06T04:57:52.552942991Z" level=info msg="StopContainer for \"b48916b408ce1d7635461795a56158c6d6fad407ce0bceaf022f2f429ef252d2\" returns successfully"
Jun  6 04:57:52 aks-nodepool1-23749496-vmss000001 containerd[699]: time="2023-06-06T04:57:52.553349789Z" level=info msg="StopPodSandbox for \"fe9b6e84f0b389cb058687c8ced95233817a10f2dba7c99313e1a93c837ae6d8\""
Jun  6 04:57:52 aks-nodepool1-23749496-vmss000001 containerd[699]: time="2023-06-06T04:57:52.553397089Z" level=info msg="Container to stop \"b48916b408ce1d7635461795a56158c6d6fad407ce0bceaf022f2f429ef252d2\" must be in running or unknown state, current state \"CONTAINER_EXITED\""
Jun  6 04:57:52 aks-nodepool1-23749496-vmss000001 containerd[699]: time="2023-06-06T04:57:52.553410689Z" level=info msg="Container to stop \"3ff800956b5bf60b6d66ee838044745c80dd0e35e488ce33940e2ef90cc7f7cf\" must be in running or unknown state, current state \"CONTAINER_EXITED\""
Jun  6 04:57:52 aks-nodepool1-23749496-vmss000001 systemd[1]: run-containerd-io.containerd.grpc.v1.cri-sandboxes-fe9b6e84f0b389cb058687c8ced95233817a10f2dba7c99313e1a93c837ae6d8-shm.mount: Deactivated successfully.
Jun  6 04:57:52 aks-nodepool1-23749496-vmss000001 systemd[1]: cri-containerd-fe9b6e84f0b389cb058687c8ced95233817a10f2dba7c99313e1a93c837ae6d8.scope: Deactivated successfully.
Jun  6 04:57:52 aks-nodepool1-23749496-vmss000001 systemd[1]: run-containerd-io.containerd.runtime.v2.task-k8s.io-fe9b6e84f0b389cb058687c8ced95233817a10f2dba7c99313e1a93c837ae6d8-rootfs.mount: Deactivated successfully.
Jun  6 04:57:52 aks-nodepool1-23749496-vmss000001 containerd[699]: time="2023-06-06T04:57:52.622686243Z" level=info msg="shim disconnected" id=fe9b6e84f0b389cb058687c8ced95233817a10f2dba7c99313e1a93c837ae6d8 namespace=k8s.io
Jun  6 04:57:52 aks-nodepool1-23749496-vmss000001 containerd[699]: time="2023-06-06T04:57:52.623295941Z" level=warning msg="cleaning up after shim disconnected" id=fe9b6e84f0b389cb058687c8ced95233817a10f2dba7c99313e1a93c837ae6d8 namespace=k8s.io
Jun  6 04:57:52 aks-nodepool1-23749496-vmss000001 containerd[699]: time="2023-06-06T04:57:52.623317641Z" level=info msg="cleaning up dead shim" namespace=k8s.io
Jun  6 04:57:52 aks-nodepool1-23749496-vmss000001 systemd-networkd[528]: vethe048472d: Link DOWN
Jun  6 04:57:52 aks-nodepool1-23749496-vmss000001 systemd-networkd[528]: vethe048472d: Lost carrier
Jun  6 04:57:52 aks-nodepool1-23749496-vmss000001 kernel: [80180.043813] cbr0: port 30(vethe048472d) entered disabled state
Jun  6 04:57:52 aks-nodepool1-23749496-vmss000001 kernel: [80180.045081] device vethe048472d left promiscuous mode
Jun  6 04:57:52 aks-nodepool1-23749496-vmss000001 kernel: [80180.045085] cbr0: port 30(vethe048472d) entered disabled state
Jun  6 04:57:52 aks-nodepool1-23749496-vmss000001 networkctl[1692811]: Interface "vethe048472d" not found.
Jun  6 04:57:52 aks-nodepool1-23749496-vmss000001 systemd[1]: networkd-dispatcher.service: Got notification message from PID 1692811, but reception only permitted for main PID 687
Jun  6 04:57:52 aks-nodepool1-23749496-vmss000001 networkd-dispatcher[687]: ERROR:Failed to get interface "vethe048472d" status: Command '['/usr/bin/networkctl', 'status', '--no-pager', '--no-legend', '--', 'vethe048472d']' returned non-zero exit status 1.
Jun  6 04:57:52 aks-nodepool1-23749496-vmss000001 containerd[699]: time="2023-06-06T04:57:52.684291124Z" level=info msg="TearDown network for sandbox \"fe9b6e84f0b389cb058687c8ced95233817a10f2dba7c99313e1a93c837ae6d8\" successfully"
Jun  6 04:57:52 aks-nodepool1-23749496-vmss000001 containerd[699]: time="2023-06-06T04:57:52.684336624Z" level=info msg="StopPodSandbox for \"fe9b6e84f0b389cb058687c8ced95233817a10f2dba7c99313e1a93c837ae6d8\" returns successfully"
Jun  6 04:57:52 aks-nodepool1-23749496-vmss000001 systemd[1]: run-netns-cni\x2d43665ba7\x2d58b8\x2ddbe7\x2d7451\x2dc7f19f74acda.mount: Deactivated successfully.
Jun  6 04:57:52 aks-nodepool1-23749496-vmss000001 kubelet[825]: I0606 04:57:52.712559     825 logs.go:323] "Finished parsing log file" path="/var/log/pods/my-apps_app-00001-deployment-68c7567fbf-6lqzj_2282e6d0-be57-479f-b4f7-904e1b3f7a80/workload/0.log"
Jun  6 04:57:52 aks-nodepool1-23749496-vmss000001 kubelet[825]: I0606 04:57:52.842971     825 reconciler.go:211] "operationExecutor.UnmountVolume started for volume \"kube-api-access-hxgw2\" (UniqueName: \"kubernetes.io/projected/2282e6d0-be57-479f-b4f7-904e1b3f7a80-kube-api-access-hxgw2\") pod \"2282e6d0-be57-479f-b4f7-904e1b3f7a80\" (UID: \"2282e6d0-be57-479f-b4f7-904e1b3f7a80\") "
Jun  6 04:57:52 aks-nodepool1-23749496-vmss000001 kubelet[825]: I0606 04:57:52.844529     825 operation_generator.go:890] UnmountVolume.TearDown succeeded for volume "kubernetes.io/projected/2282e6d0-be57-479f-b4f7-904e1b3f7a80-kube-api-access-hxgw2" (OuterVolumeSpecName: "kube-api-access-hxgw2") pod "2282e6d0-be57-479f-b4f7-904e1b3f7a80" (UID: "2282e6d0-be57-479f-b4f7-904e1b3f7a80"). InnerVolumeSpecName "kube-api-access-hxgw2". PluginName "kubernetes.io/projected", VolumeGidValue ""
Jun  6 04:57:52 aks-nodepool1-23749496-vmss000001 systemd[1]: var-lib-kubelet-pods-2282e6d0\x2dbe57\x2d479f\x2db4f7\x2d904e1b3f7a80-volumes-kubernetes.io\x7eprojected-kube\x2dapi\x2daccess\x2dhxgw2.mount: Deactivated successfully.
Jun  6 04:57:52 aks-nodepool1-23749496-vmss000001 kubelet[825]: I0606 04:57:52.944114     825 reconciler.go:399] "Volume detached for volume \"kube-api-access-hxgw2\" (UniqueName: \"kubernetes.io/projected/2282e6d0-be57-479f-b4f7-904e1b3f7a80-kube-api-access-hxgw2\") on node \"aks-nodepool1-23749496-vmss000001\" DevicePath \"\""
Jun  6 04:57:53 aks-nodepool1-23749496-vmss000001 kubelet[825]: I0606 04:57:53.249401     825 logs.go:323] "Finished parsing log file" path="/var/log/pods/my-apps_app-00001-deployment-68c7567fbf-6lqzj_2282e6d0-be57-479f-b4f7-904e1b3f7a80/workload/0.log"
Jun  6 04:57:53 aks-nodepool1-23749496-vmss000001 kubelet[825]: I0606 04:57:53.249735     825 generic.go:296] "Generic (PLEG): container finished" podID=2282e6d0-be57-479f-b4f7-904e1b3f7a80 containerID="b48916b408ce1d7635461795a56158c6d6fad407ce0bceaf022f2f429ef252d2" exitCode=143
Jun  6 04:57:53 aks-nodepool1-23749496-vmss000001 kubelet[825]: I0606 04:57:53.249769     825 kubelet.go:2134] "SyncLoop (PLEG): event for pod" pod="my-apps/app-00001-deployment-68c7567fbf-6lqzj" event=&{ID:2282e6d0-be57-479f-b4f7-904e1b3f7a80 Type:ContainerDied Data:b48916b408ce1d7635461795a56158c6d6fad407ce0bceaf022f2f429ef252d2}
Jun  6 04:57:53 aks-nodepool1-23749496-vmss000001 kubelet[825]: I0606 04:57:53.249792     825 kubelet.go:2134] "SyncLoop (PLEG): event for pod" pod="my-apps/app-00001-deployment-68c7567fbf-6lqzj" event=&{ID:2282e6d0-be57-479f-b4f7-904e1b3f7a80 Type:ContainerDied Data:fe9b6e84f0b389cb058687c8ced95233817a10f2dba7c99313e1a93c837ae6d8}
Jun  6 04:57:53 aks-nodepool1-23749496-vmss000001 kubelet[825]: I0606 04:57:53.249809     825 scope.go:115] "RemoveContainer" containerID="3ff800956b5bf60b6d66ee838044745c80dd0e35e488ce33940e2ef90cc7f7cf"
Jun  6 04:57:53 aks-nodepool1-23749496-vmss000001 containerd[699]: time="2023-06-06T04:57:53.251005909Z" level=info msg="RemoveContainer for \"3ff800956b5bf60b6d66ee838044745c80dd0e35e488ce33940e2ef90cc7f7cf\""
Jun  6 04:57:53 aks-nodepool1-23749496-vmss000001 systemd[1]: Removed slice libcontainer container kubepods-burstable-pod2282e6d0_be57_479f_b4f7_904e1b3f7a80.slice.
Jun  6 04:57:53 aks-nodepool1-23749496-vmss000001 containerd[699]: time="2023-06-06T04:57:53.261467672Z" level=info msg="RemoveContainer for \"3ff800956b5bf60b6d66ee838044745c80dd0e35e488ce33940e2ef90cc7f7cf\" returns successfully"
Jun  6 04:57:53 aks-nodepool1-23749496-vmss000001 kubelet[825]: I0606 04:57:53.261585     825 scope.go:115] "RemoveContainer" containerID="b48916b408ce1d7635461795a56158c6d6fad407ce0bceaf022f2f429ef252d2"
Jun  6 04:57:53 aks-nodepool1-23749496-vmss000001 containerd[699]: time="2023-06-06T04:57:53.262327569Z" level=info msg="RemoveContainer for \"b48916b408ce1d7635461795a56158c6d6fad407ce0bceaf022f2f429ef252d2\""
Jun  6 04:57:53 aks-nodepool1-23749496-vmss000001 containerd[699]: time="2023-06-06T04:57:53.271312737Z" level=info msg="RemoveContainer for \"b48916b408ce1d7635461795a56158c6d6fad407ce0bceaf022f2f429ef252d2\" returns successfully"
Jun  6 04:57:53 aks-nodepool1-23749496-vmss000001 kubelet[825]: I0606 04:57:53.271441     825 scope.go:115] "RemoveContainer" containerID="3ff800956b5bf60b6d66ee838044745c80dd0e35e488ce33940e2ef90cc7f7cf"
Jun  6 04:57:53 aks-nodepool1-23749496-vmss000001 containerd[699]: time="2023-06-06T04:57:53.271651236Z" level=error msg="ContainerStatus for \"3ff800956b5bf60b6d66ee838044745c80dd0e35e488ce33940e2ef90cc7f7cf\" failed" error="rpc error: code = NotFound desc = an error occurred when try to find container \"3ff800956b5bf60b6d66ee838044745c80dd0e35e488ce33940e2ef90cc7f7cf\": not found"
Jun  6 04:57:53 aks-nodepool1-23749496-vmss000001 kubelet[825]: E0606 04:57:53.271797     825 remote_runtime.go:625] "ContainerStatus from runtime service failed" err="rpc error: code = NotFound desc = an error occurred when try to find container \"3ff800956b5bf60b6d66ee838044745c80dd0e35e488ce33940e2ef90cc7f7cf\": not found" containerID="3ff800956b5bf60b6d66ee838044745c80dd0e35e488ce33940e2ef90cc7f7cf"
Jun  6 04:57:53 aks-nodepool1-23749496-vmss000001 kubelet[825]: I0606 04:57:53.271845     825 pod_container_deletor.go:52] "DeleteContainer returned error" containerID={Type:containerd ID:3ff800956b5bf60b6d66ee838044745c80dd0e35e488ce33940e2ef90cc7f7cf} err="failed to get container status \"3ff800956b5bf60b6d66ee838044745c80dd0e35e488ce33940e2ef90cc7f7cf\": rpc error: code = NotFound desc = an error occurred when try to find container \"3ff800956b5bf60b6d66ee838044745c80dd0e35e488ce33940e2ef90cc7f7cf\": not found"
Jun  6 04:57:53 aks-nodepool1-23749496-vmss000001 kubelet[825]: I0606 04:57:53.271859     825 scope.go:115] "RemoveContainer" containerID="b48916b408ce1d7635461795a56158c6d6fad407ce0bceaf022f2f429ef252d2"
Jun  6 04:57:53 aks-nodepool1-23749496-vmss000001 containerd[699]: time="2023-06-06T04:57:53.272007034Z" level=error msg="ContainerStatus for \"b48916b408ce1d7635461795a56158c6d6fad407ce0bceaf022f2f429ef252d2\" failed" error="rpc error: code = NotFound desc = an error occurred when try to find container \"b48916b408ce1d7635461795a56158c6d6fad407ce0bceaf022f2f429ef252d2\": not found"
Jun  6 04:57:53 aks-nodepool1-23749496-vmss000001 kubelet[825]: E0606 04:57:53.272124     825 remote_runtime.go:625] "ContainerStatus from runtime service failed" err="rpc error: code = NotFound desc = an error occurred when try to find container \"b48916b408ce1d7635461795a56158c6d6fad407ce0bceaf022f2f429ef252d2\": not found" containerID="b48916b408ce1d7635461795a56158c6d6fad407ce0bceaf022f2f429ef252d2"
Jun  6 04:57:53 aks-nodepool1-23749496-vmss000001 kubelet[825]: I0606 04:57:53.272146     825 pod_container_deletor.go:52] "DeleteContainer returned error" containerID={Type:containerd ID:b48916b408ce1d7635461795a56158c6d6fad407ce0bceaf022f2f429ef252d2} err="failed to get container status \"b48916b408ce1d7635461795a56158c6d6fad407ce0bceaf022f2f429ef252d2\": rpc error: code = NotFound desc = an error occurred when try to find container \"b48916b408ce1d7635461795a56158c6d6fad407ce0bceaf022f2f429ef252d2\": not found"
Jun  6 04:57:53 aks-nodepool1-23749496-vmss000001 kubelet[825]: I0606 04:57:53.318763     825 kubelet.go:2112] "SyncLoop DELETE" source="api" pods=[my-apps/app-00001-deployment-68c7567fbf-6lqzj]
Jun  6 04:57:53 aks-nodepool1-23749496-vmss000001 kubelet[825]: I0606 04:57:53.339462     825 kubelet.go:2106] "SyncLoop REMOVE" source="api" pods=[my-apps/app-00001-deployment-68c7567fbf-6lqzj]
Jun  6 04:57:53 aks-nodepool1-23749496-vmss000001 containerd[699]: time="2023-06-06T04:57:53.796292371Z" level=info msg="StopPodSandbox for \"fe9b6e84f0b389cb058687c8ced95233817a10f2dba7c99313e1a93c837ae6d8\""
Jun  6 04:57:53 aks-nodepool1-23749496-vmss000001 containerd[699]: time="2023-06-06T04:57:53.801414352Z" level=info msg="TearDown network for sandbox \"fe9b6e84f0b389cb058687c8ced95233817a10f2dba7c99313e1a93c837ae6d8\" successfully"
Jun  6 04:57:53 aks-nodepool1-23749496-vmss000001 containerd[699]: time="2023-06-06T04:57:53.801435852Z" level=info msg="StopPodSandbox for \"fe9b6e84f0b389cb058687c8ced95233817a10f2dba7c99313e1a93c837ae6d8\" returns successfully"
Jun  6 04:57:53 aks-nodepool1-23749496-vmss000001 containerd[699]: time="2023-06-06T04:57:53.801702251Z" level=info msg="RemovePodSandbox for \"fe9b6e84f0b389cb058687c8ced95233817a10f2dba7c99313e1a93c837ae6d8\""
Jun  6 04:57:53 aks-nodepool1-23749496-vmss000001 containerd[699]: time="2023-06-06T04:57:53.801733251Z" level=info msg="Forcibly stopping sandbox \"fe9b6e84f0b389cb058687c8ced95233817a10f2dba7c99313e1a93c837ae6d8\""
Jun  6 04:57:53 aks-nodepool1-23749496-vmss000001 containerd[699]: time="2023-06-06T04:57:53.806452635Z" level=info msg="TearDown network for sandbox \"fe9b6e84f0b389cb058687c8ced95233817a10f2dba7c99313e1a93c837ae6d8\" successfully"
Jun  6 04:57:53 aks-nodepool1-23749496-vmss000001 containerd[699]: time="2023-06-06T04:57:53.818514992Z" level=warning msg="Failed to get podSandbox status for container event for sandboxID \"fe9b6e84f0b389cb058687c8ced95233817a10f2dba7c99313e1a93c837ae6d8\": an error occurred when try to find sandbox: not found. Sending the event with nil podSandboxStatus."
Jun  6 04:57:53 aks-nodepool1-23749496-vmss000001 containerd[699]: time="2023-06-06T04:57:53.818612291Z" level=info msg="RemovePodSandbox \"fe9b6e84f0b389cb058687c8ced95233817a10f2dba7c99313e1a93c837ae6d8\" returns successfully"
Jun  6 04:57:53 aks-nodepool1-23749496-vmss000001 kubelet[825]: I0606 04:57:53.902136     825 kubelet_volumes.go:160] "Cleaned up orphaned pod volumes dir" podUID=2282e6d0-be57-479f-b4f7-904e1b3f7a80 path="/var/lib/kubelet/pods/2282e6d0-be57-479f-b4f7-904e1b3f7a80/volumes"